<?xml version="1.0" encoding="UTF-8"?>
<testng-results ignored="0" total="1" passed="1" failed="0" skipped="0">
  <reporter-output>
  </reporter-output>
  <suite started-at="2021-11-15T16:02:55 IST" name="Default suite" finished-at="2021-11-15T16:03:36 IST" duration-ms="41851">
    <groups>
    </groups>
    <test started-at="2021-11-15T16:02:55 IST" name="Default test" finished-at="2021-11-15T16:03:36 IST" duration-ms="41851">
      <class name="test.Google">
        <test-method is-config="true" signature="extentFileCreation()[pri:0, instance:test.Google@3feb2dda]" started-at="2021-11-15T16:02:55 IST" name="extentFileCreation" finished-at="2021-11-15T16:02:55 IST" duration-ms="11" status="PASS">
          <reporter-output>
          </reporter-output>
        </test-method> <!-- extentFileCreation -->
        <test-method is-config="true" signature="setup()[pri:0, instance:test.Google@3feb2dda]" started-at="2021-11-15T16:02:55 IST" name="setup" finished-at="2021-11-15T16:03:26 IST" duration-ms="30899" status="PASS">
          <reporter-output>
          </reporter-output>
        </test-method> <!-- setup -->
        <test-method signature="test()[pri:0, instance:test.Google@3feb2dda]" started-at="2021-11-15T16:03:26 IST" name="test" finished-at="2021-11-15T16:03:36 IST" duration-ms="10526" status="PASS">
          <reporter-output>
          </reporter-output>
        </test-method> <!-- test -->
        <test-method is-config="true" signature="cleanUp()[pri:0, instance:test.Google@3feb2dda]" started-at="2021-11-15T16:03:36 IST" name="cleanUp" finished-at="2021-11-15T16:03:36 IST" duration-ms="375" status="PASS">
          <reporter-output>
          </reporter-output>
        </test-method> <!-- cleanUp -->
      </class> <!-- test.Google -->
    </test> <!-- Default test -->
  </suite> <!-- Default suite -->
</testng-results>
